[2019-05-18 17:59:58] local.ERROR: Route [login] not defined. {"exception":"[object] (InvalidArgumentException(code: 0): Route [login] not defined. at /home/felipe/Faculdade/3o_ano/app_pa/webservice-pa/vendor/laravel/framework/src/Illuminate/Routing/UrlGenerator.php:388)
[stacktrace]
#0 /home/felipe/Faculdade/3o_ano/app_pa/webservice-pa/vendor/laravel/framework/src/Illuminate/Foundation/helpers.php(779): Illuminate\\Routing\\UrlGenerator->route('login', Array, true)
#1 /home/felipe/Faculdade/3o_ano/app_pa/webservice-pa/app/Http/Middleware/Authenticate.php(18): route('login')
#2 /home/felipe/Faculdade/3o_ano/app_pa/webservice-pa/vendor/laravel/framework/src/Illuminate/Auth/Middleware/Authenticate.php(68): App\\Http\\Middleware\\Authenticate->redirectTo(Object(Illuminate\\Http\\Request))
#3 /home/felipe/Faculdade/3o_ano/app_pa/webservice-pa/vendor/laravel/framework/src/Illuminate/Auth/Middleware/Authenticate.php(41): Illuminate\\Auth\\Middleware\\Authenticate->authenticate(Object(Illuminate\\Http\\Request), Array)
#4 /home/felipe/Faculdade/3o_ano/app_pa/webservice-pa/vendor/laravel/framework/src/Illuminate/Pipeline/Pipeline.php(163): Illuminate\\Auth\\Middleware\\Authenticate->handle(Object(Illuminate\\Http\\Request), Object(Closure), 'api')
#5 /home/felipe/Faculdade/3o_ano/app_pa/webservice-pa/vendor/laravel/framework/src/Illuminate/Routing/Pipeline.php(53): Illuminate\\Pipeline\\Pipeline->Illuminate\\Pipeline\\{closure}(Object(Illuminate\\Http\\Request))
#6 /home/felipe/Faculdade/3o_ano/app_pa/webservice-pa/vendor/laravel/framework/src/Illuminate/Routing/Middleware/ThrottleRequests.php(58): Illuminate\\Routing\\Pipeline->Illuminate\\Routing\\{closure}(Object(Illuminate\\Http\\Request))
#7 /home/felipe/Faculdade/3o_ano/app_pa/webservice-pa/vendor/laravel/framework/src/Illuminate/Pipeline/Pipeline.php(163): Illuminate\\Routing\\Middleware\\ThrottleRequests->handle(Object(Illuminate\\Http\\Request), Object(Closure), 60, '1')
#8 /home/felipe/Faculdade/3o_ano/app_pa/webservice-pa/vendor/laravel/framework/src/Illuminate/Routing/Pipeline.php(53): Illuminate\\Pipeline\\Pipeline->Illuminate\\Pipeline\\{closure}(Object(Illuminate\\Http\\Request))
#9 /home/felipe/Faculdade/3o_ano/app_pa/webservice-pa/vendor/laravel/framework/src/Illuminate/Pipeline/Pipeline.php(104): Illuminate\\Routing\\Pipeline->Illuminate\\Routing\\{closure}(Object(Illuminate\\Http\\Request))
#10 /home/felipe/Faculdade/3o_ano/app_pa/webservice-pa/vendor/laravel/framework/src/Illuminate/Routing/Router.php(682): Illuminate\\Pipeline\\Pipeline->then(Object(Closure))
#11 /home/felipe/Faculdade/3o_ano/app_pa/webservice-pa/vendor/laravel/framework/src/Illuminate/Routing/Router.php(657): Illuminate\\Routing\\Router->runRouteWithinStack(Object(Illuminate\\Routing\\Route), Object(Illuminate\\Http\\Request))
#12 /home/felipe/Faculdade/3o_ano/app_pa/webservice-pa/vendor/laravel/framework/src/Illuminate/Routing/Router.php(623): Illuminate\\Routing\\Router->runRoute(Object(Illuminate\\Http\\Request), Object(Illuminate\\Routing\\Route))
#13 /home/felipe/Faculdade/3o_ano/app_pa/webservice-pa/vendor/laravel/framework/src/Illuminate/Routing/Router.php(612): Illuminate\\Routing\\Router->dispatchToRoute(Object(Illuminate\\Http\\Request))
#14 /home/felipe/Faculdade/3o_ano/app_pa/webservice-pa/vendor/laravel/framework/src/Illuminate/Foundation/Http/Kernel.php(176): Illuminate\\Routing\\Router->dispatch(Object(Illuminate\\Http\\Request))
#15 /home/felipe/Faculdade/3o_ano/app_pa/webservice-pa/vendor/laravel/framework/src/Illuminate/Routing/Pipeline.php(30): Illuminate\\Foundation\\Http\\Kernel->Illuminate\\Foundation\\Http\\{closure}(Object(Illuminate\\Http\\Request))
#16 /home/felipe/Faculdade/3o_ano/app_pa/webservice-pa/vendor/fideloper/proxy/src/TrustProxies.php(57): Illuminate\\Routing\\Pipeline->Illuminate\\Routing\\{closure}(Object(Illuminate\\Http\\Request))
#17 /home/felipe/Faculdade/3o_ano/app_pa/webservice-pa/vendor/laravel/framework/src/Illuminate/Pipeline/Pipeline.php(163): Fideloper\\Proxy\\TrustProxies->handle(Object(Illuminate\\Http\\Request), Object(Closure))
#18 /home/felipe/Faculdade/3o_ano/app_pa/webservice-pa/vendor/laravel/framework/src/Illuminate/Routing/Pipeline.php(53): Illuminate\\Pipeline\\Pipeline->Illuminate\\Pipeline\\{closure}(Object(Illuminate\\Http\\Request))
#19 /home/felipe/Faculdade/3o_ano/app_pa/webservice-pa/vendor/laravel/framework/src/Illuminate/Foundation/Http/Middleware/TransformsRequest.php(21): Illuminate\\Routing\\Pipeline->Illuminate\\Routing\\{closure}(Object(Illuminate\\Http\\Request))
#20 /home/felipe/Faculdade/3o_ano/app_pa/webservice-pa/vendor/laravel/framework/src/Illuminate/Pipeline/Pipeline.php(163): Illuminate\\Foundation\\Http\\Middleware\\TransformsRequest->handle(Object(Illuminate\\Http\\Request), Object(Closure))
#21 /home/felipe/Faculdade/3o_ano/app_pa/webservice-pa/vendor/laravel/framework/src/Illuminate/Routing/Pipeline.php(53): Illuminate\\Pipeline\\Pipeline->Illuminate\\Pipeline\\{closure}(Object(Illuminate\\Http\\Request))
#22 /home/felipe/Faculdade/3o_ano/app_pa/webservice-pa/vendor/laravel/framework/src/Illuminate/Foundation/Http/Middleware/TransformsRequest.php(21): Illuminate\\Routing\\Pipeline->Illuminate\\Routing\\{closure}(Object(Illuminate\\Http\\Request))
#23 /home/felipe/Faculdade/3o_ano/app_pa/webservice-pa/vendor/laravel/framework/src/Illuminate/Pipeline/Pipeline.php(163): Illuminate\\Foundation\\Http\\Middleware\\TransformsRequest->handle(Object(Illuminate\\Http\\Request), Object(Closure))
#24 /home/felipe/Faculdade/3o_ano/app_pa/webservice-pa/vendor/laravel/framework/src/Illuminate/Routing/Pipeline.php(53): Illuminate\\Pipeline\\Pipeline->Illuminate\\Pipeline\\{closure}(Object(Illuminate\\Http\\Request))
#25 /home/felipe/Faculdade/3o_ano/app_pa/webservice-pa/vendor/laravel/framework/src/Illuminate/Foundation/Http/Middleware/ValidatePostSize.php(27): Illuminate\\Routing\\Pipeline->Illuminate\\Routing\\{closure}(Object(Illuminate\\Http\\Request))
#26 /home/felipe/Faculdade/3o_ano/app_pa/webservice-pa/vendor/laravel/framework/src/Illuminate/Pipeline/Pipeline.php(163): Illuminate\\Foundation\\Http\\Middleware\\ValidatePostSize->handle(Object(Illuminate\\Http\\Request), Object(Closure))
#27 /home/felipe/Faculdade/3o_ano/app_pa/webservice-pa/vendor/laravel/framework/src/Illuminate/Routing/Pipeline.php(53): Illuminate\\Pipeline\\Pipeline->Illuminate\\Pipeline\\{closure}(Object(Illuminate\\Http\\Request))
#28 /home/felipe/Faculdade/3o_ano/app_pa/webservice-pa/vendor/laravel/framework/src/Illuminate/Foundation/Http/Middleware/CheckForMaintenanceMode.php(62): Illuminate\\Routing\\Pipeline->Illuminate\\Routing\\{closure}(Object(Illuminate\\Http\\Request))
#29 /home/felipe/Faculdade/3o_ano/app_pa/webservice-pa/vendor/laravel/framework/src/Illuminate/Pipeline/Pipeline.php(163): Illuminate\\Foundation\\Http\\Middleware\\CheckForMaintenanceMode->handle(Object(Illuminate\\Http\\Request), Object(Closure))
#30 /home/felipe/Faculdade/3o_ano/app_pa/webservice-pa/vendor/laravel/framework/src/Illuminate/Routing/Pipeline.php(53): Illuminate\\Pipeline\\Pipeline->Illuminate\\Pipeline\\{closure}(Object(Illuminate\\Http\\Request))
#31 /home/felipe/Faculdade/3o_ano/app_pa/webservice-pa/vendor/laravel/framework/src/Illuminate/Pipeline/Pipeline.php(104): Illuminate\\Routing\\Pipeline->Illuminate\\Routing\\{closure}(Object(Illuminate\\Http\\Request))
#32 /home/felipe/Faculdade/3o_ano/app_pa/webservice-pa/vendor/laravel/framework/src/Illuminate/Foundation/Http/Kernel.php(151): Illuminate\\Pipeline\\Pipeline->then(Object(Closure))
#33 /home/felipe/Faculdade/3o_ano/app_pa/webservice-pa/vendor/laravel/framework/src/Illuminate/Foundation/Http/Kernel.php(116): Illuminate\\Foundation\\Http\\Kernel->sendRequestThroughRouter(Object(Illuminate\\Http\\Request))
#34 /home/felipe/Faculdade/3o_ano/app_pa/webservice-pa/public/index.php(55): Illuminate\\Foundation\\Http\\Kernel->handle(Object(Illuminate\\Http\\Request))
#35 /home/felipe/Faculdade/3o_ano/app_pa/webservice-pa/server.php(21): require_once('/home/felipe/Fa...')
#36 {main}
"} 
[2019-05-18 18:07:26] local.ERROR: There are no commands defined in the "bd" namespace. {"exception":"[object] (Symfony\\Component\\Console\\Exception\\NamespaceNotFoundException(code: 0): There are no commands defined in the \"bd\" namespace. at /home/felipe/Faculdade/3o_ano/app_pa/webservice-pa/vendor/symfony/console/Application.php:585)
[stacktrace]
#0 /home/felipe/Faculdade/3o_ano/app_pa/webservice-pa/vendor/symfony/console/Application.php(625): Symfony\\Component\\Console\\Application->findNamespace('bd')
#1 /home/felipe/Faculdade/3o_ano/app_pa/webservice-pa/vendor/symfony/console/Application.php(233): Symfony\\Component\\Console\\Application->find('bd:seed')
#2 /home/felipe/Faculdade/3o_ano/app_pa/webservice-pa/vendor/symfony/console/Application.php(145): Symfony\\Component\\Console\\Application->doRun(Object(Symfony\\Component\\Console\\Input\\ArgvInput), Object(Symfony\\Component\\Console\\Output\\ConsoleOutput))
#3 /home/felipe/Faculdade/3o_ano/app_pa/webservice-pa/vendor/laravel/framework/src/Illuminate/Console/Application.php(90): Symfony\\Component\\Console\\Application->run(Object(Symfony\\Component\\Console\\Input\\ArgvInput), Object(Symfony\\Component\\Console\\Output\\ConsoleOutput))
#4 /home/felipe/Faculdade/3o_ano/app_pa/webservice-pa/vendor/laravel/framework/src/Illuminate/Foundation/Console/Kernel.php(122): Illuminate\\Console\\Application->run(Object(Symfony\\Component\\Console\\Input\\ArgvInput), Object(Symfony\\Component\\Console\\Output\\ConsoleOutput))
#5 /home/felipe/Faculdade/3o_ano/app_pa/webservice-pa/artisan(37): Illuminate\\Foundation\\Console\\Kernel->handle(Object(Symfony\\Component\\Console\\Input\\ArgvInput), Object(Symfony\\Component\\Console\\Output\\ConsoleOutput))
#6 {main}
"} 
